This file contains any messages produced by compilers while
running configure, to aid debugging if configure makes a mistake.

It was created by trig_program configure 1.0, which was
generated by GNU Autoconf 2.72.  Invocation command line was

  $ ./configure --no-create --no-recursion

## --------- ##
## Platform. ##
## --------- ##

hostname = laptop
uname -m = x86_64
uname -r = 6.12.4-arch1-1
uname -s = Linux
uname -v = #1 SMP PREEMPT_DYNAMIC Mon, 09 Dec 2024 14:31:57 +0000

/usr/bin/uname -p = unknown
/bin/uname -X     = unknown

/bin/arch              = unknown
/usr/bin/arch -k       = unknown
/usr/convex/getsysinfo = unknown
/usr/bin/hostinfo      = unknown
/bin/machine           = unknown
/usr/bin/oslevel       = unknown
/bin/universe          = unknown

PATH: /sbin/
PATH: /bin/
PATH: /usr/local/sbin/
PATH: /usr/local/bin/
PATH: /usr/sbin/
PATH: /usr/bin/
PATH: /var/lib/flatpak/exports/bin/
PATH: /usr/lib/jvm/default/bin/
PATH: /usr/bin/site_perl/
PATH: /usr/bin/vendor_perl/
PATH: /usr/bin/core_perl/


## ----------- ##
## Core tests. ##
## ----------- ##

configure:2002: looking for aux files: missing install-sh
configure:2015:  trying ./
configure:2044:   ./missing found
configure:2026:   ./install-sh found
configure:2174: checking for a BSD-compatible install
configure:2248: result: /bin/install -c
configure:2259: checking whether sleep supports fractional seconds
configure:2275: result: yes
configure:2278: checking filesystem timestamp resolution
configure:2413: result: 0.01
configure:2418: checking whether build environment is sane
configure:2459: result: yes
configure:2630: checking for a race-free mkdir -p
configure:2673: result: /sbin/mkdir -p
configure:2680: checking for gawk
configure:2701: found /sbin/gawk
configure:2713: result: gawk
configure:2724: checking whether make sets $(MAKE)
configure:2748: result: yes
configure:2774: checking whether make supports nested variables
configure:2793: result: yes
configure:2807: checking xargs -n works
configure:2823: result: yes
configure:2991: checking for g++
configure:3012: found /sbin/g++
configure:3024: result: g++
configure:3051: checking for C++ compiler version
configure:3060: g++ --version >&5
g++ (GCC) 14.2.1 20240910
Copyright (C) 2024 Free Software Foundation, Inc.
This is free software; see the source for copying conditions.  There is NO
warranty; not even for MERCHANTABILITY or FITNESS FOR A PARTICULAR PURPOSE.

configure:3071: $? = 0
configure:3060: g++ -v >&5
Using built-in specs.
COLLECT_GCC=g++
COLLECT_LTO_WRAPPER=/usr/lib/gcc/x86_64-pc-linux-gnu/14.2.1/lto-wrapper
Target: x86_64-pc-linux-gnu
Configured with: /build/gcc/src/gcc/configure --enable-languages=ada,c,c++,d,fortran,go,lto,m2,objc,obj-c++,rust --enable-bootstrap --prefix=/usr --libdir=/usr/lib --libexecdir=/usr/lib --mandir=/usr/share/man --infodir=/usr/share/info --with-bugurl=https://gitlab.archlinux.org/archlinux/packaging/packages/gcc/-/issues --with-build-config=bootstrap-lto --with-linker-hash-style=gnu --with-system-zlib --enable-__cxa_atexit --enable-cet=auto --enable-checking=release --enable-clocale=gnu --enable-default-pie --enable-default-ssp --enable-gnu-indirect-function --enable-gnu-unique-object --enable-libstdcxx-backtrace --enable-link-serialization=1 --enable-linker-build-id --enable-lto --enable-multilib --enable-plugin --enable-shared --enable-threads=posix --disable-libssp --disable-libstdcxx-pch --disable-werror
Thread model: posix
Supported LTO compression algorithms: zlib zstd
gcc version 14.2.1 20240910 (GCC) 
configure:3071: $? = 0
configure:3060: g++ -V >&5
g++: error: unrecognized command-line option '-V'
g++: fatal error: no input files
compilation terminated.
configure:3071: $? = 1
configure:3060: g++ -qversion >&5
g++: error: unrecognized command-line option '-qversion'; did you mean '--version'?
g++: fatal error: no input files
compilation terminated.
configure:3071: $? = 1
configure:3091: checking whether the C++ compiler works
configure:3113: g++    conftest.cpp  >&5
configure:3117: $? = 0
configure:3168: result: yes
configure:3172: checking for C++ compiler default output file name
configure:3174: result: a.out
configure:3180: checking for suffix of executables
configure:3187: g++ -o conftest    conftest.cpp  >&5
configure:3191: $? = 0
configure:3215: result: 
configure:3239: checking whether we are cross compiling
configure:3247: g++ -o conftest    conftest.cpp  >&5
configure:3251: $? = 0
configure:3258: ./conftest
configure:3262: $? = 0
configure:3277: result: no
configure:3283: checking for suffix of object files
configure:3306: g++ -c   conftest.cpp >&5
configure:3310: $? = 0
configure:3334: result: o
configure:3338: checking whether the compiler supports GNU C++
configure:3358: g++ -c   conftest.cpp >&5
configure:3358: $? = 0
configure:3370: result: yes
configure:3381: checking whether g++ accepts -g
configure:3402: g++ -c -g  conftest.cpp >&5
configure:3402: $? = 0
configure:3449: result: yes
configure:3469: checking for g++ option to enable C++11 features
configure:3484: g++  -c -g -O2  conftest.cpp >&5
conftest.cpp: In function 'int main(int, char**)':
conftest.cpp:177:25: warning: empty parentheses were disambiguated as a function declaration [-Wvexing-parse]
  177 |   cxx11test::delegate d2();
      |                         ^~
conftest.cpp:177:25: note: remove parentheses to default-initialize a variable
  177 |   cxx11test::delegate d2();
      |                         ^~
      |                         --
conftest.cpp:177:25: note: or replace parentheses with braces to value-initialize a variable
configure:3484: $? = 0
configure:3503: result: none needed
configure:3575: checking whether make supports the include directive
configure:3590: make -f confmf.GNU && cat confinc.out
make[1]: Entering directory '/home/max/DevOps-PA2'
make[1]: Leaving directory '/home/max/DevOps-PA2'
this is the am__doit target
configure:3593: $? = 0
configure:3612: result: yes (GNU style)
configure:3638: checking dependency style of g++
configure:3751: result: gcc3
configure:3903: checking that generated files are newer than configure
configure:3909: result: done
configure:3944: creating ./config.status

## ---------------- ##
## Cache variables. ##
## ---------------- ##

ac_cv_cxx_compiler_gnu=yes
ac_cv_env_CCC_set=
ac_cv_env_CCC_value=
ac_cv_env_CPPFLAGS_set=
ac_cv_env_CPPFLAGS_value=
ac_cv_env_CXXFLAGS_set=
ac_cv_env_CXXFLAGS_value=
ac_cv_env_CXX_set=
ac_cv_env_CXX_value=
ac_cv_env_LDFLAGS_set=
ac_cv_env_LDFLAGS_value=
ac_cv_env_LIBS_set=
ac_cv_env_LIBS_value=
ac_cv_env_build_alias_set=
ac_cv_env_build_alias_value=
ac_cv_env_host_alias_set=
ac_cv_env_host_alias_value=
ac_cv_env_target_alias_set=
ac_cv_env_target_alias_value=
ac_cv_objext=o
ac_cv_path_install='/bin/install -c'
ac_cv_path_mkdir=/sbin/mkdir
ac_cv_prog_AWK=gawk
ac_cv_prog_ac_ct_CXX=g++
ac_cv_prog_cxx_cxx11=
ac_cv_prog_cxx_g=yes
ac_cv_prog_cxx_stdcxx=
ac_cv_prog_make_make_set=yes
am_cv_CXX_dependencies_compiler_type=gcc3
am_cv_filesystem_timestamp_resolution=0.01
am_cv_make_support_nested_variables=yes
am_cv_sleep_fractional_seconds=yes
am_cv_xargs_n_works=yes

## ----------------- ##
## Output variables. ##
## ----------------- ##

ACLOCAL='${SHELL} '\''/home/max/DevOps-PA2/missing'\'' aclocal-1.17'
AMDEPBACKSLASH='\'
AMDEP_FALSE='#'
AMDEP_TRUE=''
AMTAR='$${TAR-tar}'
AM_BACKSLASH='\'
AM_DEFAULT_V='$(AM_DEFAULT_VERBOSITY)'
AM_DEFAULT_VERBOSITY='1'
AM_V='$(V)'
AUTOCONF='${SHELL} '\''/home/max/DevOps-PA2/missing'\'' autoconf'
AUTOHEADER='${SHELL} '\''/home/max/DevOps-PA2/missing'\'' autoheader'
AUTOMAKE='${SHELL} '\''/home/max/DevOps-PA2/missing'\'' automake-1.17'
AWK='gawk'
CPPFLAGS=''
CSCOPE='cscope'
CTAGS='ctags'
CXX='g++'
CXXDEPMODE='depmode=gcc3'
CXXFLAGS='-g -O2'
CYGPATH_W='echo'
DEFS='-DPACKAGE_NAME=\"trig_program\" -DPACKAGE_TARNAME=\"trig_program\" -DPACKAGE_VERSION=\"1.0\" -DPACKAGE_STRING=\"trig_program\ 1.0\" -DPACKAGE_BUGREPORT=\"korniykom@gmail.com\" -DPACKAGE_URL=\"\" -DPACKAGE=\"trig_program\" -DVERSION=\"1.0\"'
DEPDIR='.deps'
ECHO_C=''
ECHO_N='-n'
ECHO_T=''
ETAGS='etags'
EXEEXT=''
INSTALL_DATA='${INSTALL} -m 644'
INSTALL_PROGRAM='${INSTALL}'
INSTALL_SCRIPT='${INSTALL}'
INSTALL_STRIP_PROGRAM='$(install_sh) -c -s'
LDFLAGS=''
LIBOBJS=''
LIBS=''
LTLIBOBJS=''
MAKEINFO='${SHELL} '\''/home/max/DevOps-PA2/missing'\'' makeinfo'
MKDIR_P='/sbin/mkdir -p'
OBJEXT='o'
PACKAGE='trig_program'
PACKAGE_BUGREPORT='korniykom@gmail.com'
PACKAGE_NAME='trig_program'
PACKAGE_STRING='trig_program 1.0'
PACKAGE_TARNAME='trig_program'
PACKAGE_URL=''
PACKAGE_VERSION='1.0'
PATH_SEPARATOR=':'
SET_MAKE=''
SHELL='/bin/sh'
STRIP=''
VERSION='1.0'
ac_ct_CXX='g++'
am__EXEEXT_FALSE=''
am__EXEEXT_TRUE='#'
am__fastdepCXX_FALSE='#'
am__fastdepCXX_TRUE=''
am__include='include'
am__isrc=''
am__leading_dot='.'
am__nodep='_no'
am__quote=''
am__rm_f_notfound=''
am__tar='$${TAR-tar} chof - "$$tardir"'
am__untar='$${TAR-tar} xf -'
am__xargs_n='xargs -n'
bindir='${exec_prefix}/bin'
build_alias=''
datadir='${datarootdir}'
datarootdir='${prefix}/share'
docdir='${datarootdir}/doc/${PACKAGE_TARNAME}'
dvidir='${docdir}'
exec_prefix='${prefix}'
host_alias=''
htmldir='${docdir}'
includedir='${prefix}/include'
infodir='${datarootdir}/info'
install_sh='${SHELL} /home/max/DevOps-PA2/install-sh'
libdir='${exec_prefix}/lib'
libexecdir='${exec_prefix}/libexec'
localedir='${datarootdir}/locale'
localstatedir='${prefix}/var'
mandir='${datarootdir}/man'
mkdir_p='$(MKDIR_P)'
oldincludedir='/usr/include'
pdfdir='${docdir}'
prefix='/usr/local'
program_transform_name='s,x,x,'
psdir='${docdir}'
runstatedir='${localstatedir}/run'
sbindir='${exec_prefix}/sbin'
sharedstatedir='${prefix}/com'
sysconfdir='${prefix}/etc'
target_alias=''

## ----------- ##
## confdefs.h. ##
## ----------- ##

/* confdefs.h */
#define PACKAGE_NAME "trig_program"
#define PACKAGE_TARNAME "trig_program"
#define PACKAGE_VERSION "1.0"
#define PACKAGE_STRING "trig_program 1.0"
#define PACKAGE_BUGREPORT "korniykom@gmail.com"
#define PACKAGE_URL ""
#define PACKAGE "trig_program"
#define VERSION "1.0"

configure: exit 0

## ---------------------- ##
## Running config.status. ##
## ---------------------- ##

This file was extended by trig_program config.status 1.0, which was
generated by GNU Autoconf 2.72.  Invocation command line was

  CONFIG_FILES    = 
  CONFIG_HEADERS  = 
  CONFIG_LINKS    = 
  CONFIG_COMMANDS = 
  $ ./config.status 

on laptop

config.status:775: creating Makefile
config.status:775: creating tests/Makefile
config.status:947: executing depfiles commands
config.status:1024: cd .       && sed -e '/# am--include-marker/d' Makefile         | make -f - am--depfiles
make[1]: Entering directory '/home/max/DevOps-PA2'
make[1]: Leaving directory '/home/max/DevOps-PA2'
config.status:1029: $? = 0
config.status:1024: cd tests       && sed -e '/# am--include-marker/d' Makefile         | make -f - am--depfiles
make[1]: Entering directory '/home/max/DevOps-PA2/tests'
make[1]: Leaving directory '/home/max/DevOps-PA2/tests'
config.status:1029: $? = 0
